Arguments: 
  /usr/local/bin/node /Users/seven/.nvm/versions/node/v13.12.0/bin/yarn add @vuepress/nprogress @vuepress/back-to-top vuepress-plugin-smooth-scroll element-tabs element-ui reading-progress mermaidjs @xiaopanda/vuepress-plugin-code-copy vuepress-plugin-zooming markdown-it-sub markdown-it-sup markdown-it-katex valine

PATH: 
  /usr/local/sbin:/usr/local/bin:/Users/seven/.nvm/versions/node/v13.12.0/bin:/usr/local/bin:/usr/bin:/bin:/usr/sbin:/sbin:/opt/X11/bin:/Library/Apple/usr/bin:/usr/local/sbin:/Users/seven/.nvm/versions/node/v13.12.0/bin:/usr/local/mongodb/bin:/Applications/Visual Studio Code.app/Contents/Resources/app/bin:/usr/local/Cellar/smartmontools/7.1/bin:/Users/seven/Library/Python/2.7/bin:/usr/local/mongodb/bin:/Applications/Visual Studio Code.app/Contents/Resources/app/bin:/usr/local/Cellar/smartmontools/7.1/bin:/Users/seven/Library/Python/2.7/bin

Yarn version: 
  1.22.4

Node version: 
  14.15.1

Platform: 
  darwin x64

Trace: 
  Error: https://registry.npm.taobao.org/@vuepress%2fnprogress: Not found
      at Request.params.callback [as _callback] (/Users/seven/.nvm/versions/node/v13.12.0/lib/node_modules/yarn/lib/cli.js:66987:18)
      at Request.self.callback (/Users/seven/.nvm/versions/node/v13.12.0/lib/node_modules/yarn/lib/cli.js:140748:22)
      at Request.emit (events.js:315:20)
      at Request.<anonymous> (/Users/seven/.nvm/versions/node/v13.12.0/lib/node_modules/yarn/lib/cli.js:141720:10)
      at Request.emit (events.js:315:20)
      at IncomingMessage.<anonymous> (/Users/seven/.nvm/versions/node/v13.12.0/lib/node_modules/yarn/lib/cli.js:141642:12)
      at Object.onceWrapper (events.js:421:28)
      at IncomingMessage.emit (events.js:327:22)
      at endReadableNT (_stream_readable.js:1327:12)
      at processTicksAndRejections (internal/process/task_queues.js:80:21)

npm manifest: 
  {
    "name": "theme",
    "version": "1.0.0",
    "main": "index.js",
    "license": "MIT",
    "dependencies": {
      "animate.css": "^4.1.1",
      "vue-click-outside": "^1.1.0"
    }
  }

yarn manifest: 
  No manifest

Lockfile: 
  # THIS IS AN AUTOGENERATED FILE. DO NOT EDIT THIS FILE DIRECTLY.
  # yarn lockfile v1
  
  
  animate.css@^4.1.1:
    version "4.1.1"
    resolved "https://registry.npm.taobao.org/animate.css/download/animate.css-4.1.1.tgz#614ec5a81131d7e4dc362a58143f7406abd68075"
    integrity sha1-YU7FqBEx1+TcNipYFD90BqvWgHU=
  
  vue-click-outside@^1.1.0:
    version "1.1.0"
    resolved "https://registry.npm.taobao.org/vue-click-outside/download/vue-click-outside-1.1.0.tgz#48b7680b518923e701643cccb3e165854aad99eb"
    integrity sha1-SLdoC1GJI+cBZDzMs+FlhUqtmes=
